Warning: Task:realizar_testes_de_aceitao_das_novas_funcionalidades_: missing resource file './../../xp/deliveryprocesses/Implementa&ccedil;&atilde;o_37FA12FD.html'
Warning: Task:realizar_testes_de_integrao_das_novas_funcionalidades: missing resource file './../../xp/deliveryprocesses/Implementa&ccedil;&atilde;o_37FA12FD.html'
Warning: Role:programador_xp: missing resource file './../../xp/deliveryprocesses/Implementa&ccedil;&atilde;o_37FA12FD.html'
Warning: Role:programador_xp: missing resource file './../../xp/deliveryprocesses/Elabora&ccedil;&atilde;o_6333A21C.html'
Warning: Task:implementar_requisitos_planejados: missing resource file './../../xp/deliveryprocesses/Implementa&ccedil;&atilde;o_37FA12FD.html'
Warning: Task:Realizar testes de unidade no sistema: missing resource file './../../xp/deliveryprocesses/Elabora&ccedil;&atilde;o_6333A21C.html'
Warning: Task:Realizar testes de unidade no sistema: missing resource file './../../xp/deliveryprocesses/Implementa&ccedil;&atilde;o_37FA12FD.html'
Warning: Artifact:codigo_de_producao_xp: missing resource file './../../xp/deliveryprocesses/Implementa&ccedil;&atilde;o_37FA12FD.html'
Warning: Artifact:codigo_de_producao_xp: missing resource file './../../xp/deliveryprocesses/Elabora&ccedil;&atilde;o_6333A21C.html'
Warning: Artifact:construcao_xp: missing resource file './../../xp/tasks/Teste de aceita&ccedil;&atilde;o_F1FBF57F.html'
Warning: Artifact:construcao_xp: missing resource file './../../xp/deliveryprocesses/Elabora&ccedil;&atilde;o_6333A21C.html'
Warning: Artifact:construcao_xp: missing resource file './../../xp/deliveryprocesses/Implementa&ccedil;&atilde;o_37FA12FD.html'
Warning: Role:rastreador_xp: missing resource file './../../xp/deliveryprocesses/Elabora&ccedil;&atilde;o_6333A21C.html'
Warning: Task:acompanhar_progresso_da_iteracao: missing resource file './../../xp/deliveryprocesses/Elabora&ccedil;&atilde;o_6333A21C.html'
Warning: Role:testador_xp: missing resource file './../../xp/tasks/Corre&ccedil;&atilde;o de erros_99F5ABF6.html'
Warning: Role:testador_xp: missing resource file './../../xp/tasks/Teste de aceita&ccedil;&atilde;o_F1FBF57F.html'
Warning: Role:testador_xp: missing resource file './../../xp/deliveryprocesses/Elabora&ccedil;&atilde;o_6333A21C.html'
Warning: Task:Correção de erros: missing resource file './../../xp/deliveryprocesses/Implementa&ccedil;&atilde;o_37FA12FD.html'
Warning: Task:Correção de erros: missing resource file './../../xp/deliveryprocesses/Corre&ccedil;&atilde;o de erros_73DEC60C.html'
Warning: Task:implantar_ambiente_de_testes: missing resource file './../../xp/deliveryprocesses/Elabora&ccedil;&atilde;o_6333A21C.html'
Warning: Task:Teste de aceitação: missing resource file './../../xp/deliveryprocesses/Teste de aceita&ccedil;&atilde;o_9D8AFFDE.html'
Warning: DeliveryProcess:Ciclo de vida: missing resource file './../../xp/deliveryprocesses/Elabora&ccedil;&atilde;o_6333A21C.html'
Warning: DeliveryProcess:Ciclo de vida: missing resource file './../../xp/deliveryprocesses/Implementa&ccedil;&atilde;o_37FA12FD.html'
Warning: DeliveryProcess:Ciclo de vida: missing resource file './../../xp/deliveryprocesses/Elabora&ccedil;&atilde;o_6333A21C.html'
Warning: DeliveryProcess:Ciclo de vida: missing resource file './../../xp/deliveryprocesses/Implementa&ccedil;&atilde;o_37FA12FD.html'
Warning: Phase:Elaboração: missing resource file './../../xp/deliveryprocesses/resources/Elabora&ccedil;&atilde;o_6333A21C_ActivityDetail.jpeg'
Warning: Phase:Elaboração: missing resource file './../../xp/deliveryprocesses/resources/Elabora&ccedil;&atilde;o_6333A21C_ActivityDetail.jpeg'
Warning: Phase:Implementação: missing resource file './../../xp/deliveryprocesses/resources/Implementa&ccedil;&atilde;o_37FA12FD_ActivityDetail.jpeg'
Warning: Phase:Implementação: missing resource file './../../xp/deliveryprocesses/resources/Implementa&ccedil;&atilde;o_37FA12FD_ActivityDetail.jpeg'
Warning: Phase:Testes: missing resource file './../../xp/deliveryprocesses/Teste de aceita&ccedil;&atilde;o_9D8AFFDE.html'
Warning: Phase:Testes: missing resource file './../../xp/deliveryprocesses/Teste de aceita&ccedil;&atilde;o_9D8AFFDE.html'
